Sender: LSF System <lsfadmin@polus-c2-ib.bmc.hpc.cs.msu.ru>
Subject: Job 1372050: <solution2_p1_10x10_part2> in cluster <MSUCluster> Done

Job <solution2_p1_10x10_part2> was submitted from host <polus-ib.bmc.hpc.cs.msu.ru> by user <edu-cmc-skmodel25-616-10> in cluster <MSUCluster> at Sat Nov 29 02:34:16 2025
Job was executed on host(s) <polus-c2-ib.bmc.hpc.cs.msu.ru>, in queue <normal>, as user <edu-cmc-skmodel25-616-10> in cluster <MSUCluster> at Sat Nov 29 02:34:27 2025
</home_edu/edu-cmc-skmodel25-616/edu-cmc-skmodel25-616-10> was used as the home directory.
</home_edu/edu-cmc-skmodel25-616/edu-cmc-skmodel25-616-10> was used as the working directory.
Started at Sat Nov 29 02:34:27 2025
Terminated at Sat Nov 29 02:34:28 2025
Results reported at Sat Nov 29 02:34:28 2025

Your job looked like:

------------------------------------------------------------
# LSBATCH: User input
#BSUB -J solution2_p1_10x10_part2
#BSUB -n 1 -q normal
#BSUB -W 00:10
#BSUB -o ./log2/part2-10x10-p1.out
#BSUB -e ./log2/part2-10x10-p1.err
#BSUB -R "span[hosts=1]"
mpirun -np 1 ./solution2 10 10

------------------------------------------------------------

Successfully completed.

Resource usage summary:

    CPU time :                                   0.24 sec.
    Max Memory :                                 15 MB
    Average Memory :                             11.00 MB
    Total Requested Memory :                     -
    Delta Memory :                               -
    Max Swap :                                   -
    Max Processes :                              5
    Max Threads :                                6
    Run time :                                   0 sec.
    Turnaround time :                            12 sec.

The output (if any) follows:

Grid: 10 x 10
MPI processes: 1
iter=     0  |r|/|b|=1.762633221  |r|=13.91566555
final |r|/|b|=5.0913483e-09
solve time: 0.0001377388835 s
iterations: 29


PS:

Read file <./log2/part2-10x10-p1.err> for stderr output of this job.

