Sender: LSF System <lsfadmin@polus-c2-ib.bmc.hpc.cs.msu.ru>
Subject: Job 1372051: <solution2_p1_20x20_part2> in cluster <MSUCluster> Done

Job <solution2_p1_20x20_part2> was submitted from host <polus-ib.bmc.hpc.cs.msu.ru> by user <edu-cmc-skmodel25-616-10> in cluster <MSUCluster> at Sat Nov 29 02:34:16 2025
Job was executed on host(s) <polus-c2-ib.bmc.hpc.cs.msu.ru>, in queue <normal>, as user <edu-cmc-skmodel25-616-10> in cluster <MSUCluster> at Sat Nov 29 02:34:28 2025
</home_edu/edu-cmc-skmodel25-616/edu-cmc-skmodel25-616-10> was used as the home directory.
</home_edu/edu-cmc-skmodel25-616/edu-cmc-skmodel25-616-10> was used as the working directory.
Started at Sat Nov 29 02:34:28 2025
Terminated at Sat Nov 29 02:34:29 2025
Results reported at Sat Nov 29 02:34:29 2025

Your job looked like:

------------------------------------------------------------
# LSBATCH: User input
#BSUB -J solution2_p1_20x20_part2
#BSUB -n 1 -q normal
#BSUB -W 00:10
#BSUB -o ./log2/part2-20x20-p1.out
#BSUB -e ./log2/part2-20x20-p1.err
#BSUB -R "span[hosts=1]"
mpirun -np 1 ./solution2 20 20

------------------------------------------------------------

Successfully completed.

Resource usage summary:

    CPU time :                                   0.26 sec.
    Max Memory :                                 1 MB
    Average Memory :                             1.00 MB
    Total Requested Memory :                     -
    Delta Memory :                               -
    Max Swap :                                   -
    Max Processes :                              1
    Max Threads :                                1
    Run time :                                   1 sec.
    Turnaround time :                            13 sec.

The output (if any) follows:

Grid: 20 x 20
MPI processes: 1
iter=     0  |r|/|b|=2.888120003  |r|=45.10520895
iter=    50  |r|/|b|=2.046965049e-06  |r|=3.196847297e-05
final |r|/|b|=7.574876884e-09
solve time: 0.0007483325899 s
iterations: 61


PS:

Read file <./log2/part2-20x20-p1.err> for stderr output of this job.

