Sender: LSF System <lsfadmin@polus-c3-ib.bmc.hpc.cs.msu.ru>
Subject: Job 1346349: <sol1_p1_10x10_part2> in cluster <MSUCluster> Done

Job <sol1_p1_10x10_part2> was submitted from host <polus-ib.bmc.hpc.cs.msu.ru> by user <edu-cmc-skmodel25-616-10> in cluster <MSUCluster> at Sun Nov 23 17:50:30 2025
Job was executed on host(s) <polus-c3-ib.bmc.hpc.cs.msu.ru>, in queue <normal>, as user <edu-cmc-skmodel25-616-10> in cluster <MSUCluster> at Sun Nov 23 17:51:25 2025
</home_edu/edu-cmc-skmodel25-616/edu-cmc-skmodel25-616-10> was used as the home directory.
</home_edu/edu-cmc-skmodel25-616/edu-cmc-skmodel25-616-10> was used as the working directory.
Started at Sun Nov 23 17:51:25 2025
Terminated at Sun Nov 23 17:51:27 2025
Results reported at Sun Nov 23 17:51:27 2025

Your job looked like:

------------------------------------------------------------
# LSBATCH: User input
#BSUB -J sol1_p1_10x10_part2
#BSUB -n 1 -q normal
#BSUB -W 00:10
#BSUB -o ./log/part2-10x10-p1.out
#BSUB -e ./log/part2-10x10-p1.err
#BSUB -R "span[hosts=1]"
OMP_NUM_THREADS=1 ./sol1 10 10

------------------------------------------------------------

Successfully completed.

Resource usage summary:

    CPU time :                                   0.02 sec.
    Max Memory :                                 1 MB
    Average Memory :                             1.00 MB
    Total Requested Memory :                     -
    Delta Memory :                               -
    Max Swap :                                   -
    Max Processes :                              1
    Max Threads :                                1
    Run time :                                   2 sec.
    Turnaround time :                            57 sec.

The output (if any) follows:

iter=     0  |r|/|b|=1.762633221  |r|=13.91566555
final |r|/|b|=5.0913483e-09
solve time: 0.0001974478364 s
iterations: 29


PS:

Read file <./log/part2-10x10-p1.err> for stderr output of this job.

Sender: LSF System <lsfadmin@polus-c3-ib.bmc.hpc.cs.msu.ru>
Subject: Job 1346649: <sol1_p1_10x10_part2> in cluster <MSUCluster> Done

Job <sol1_p1_10x10_part2> was submitted from host <polus-ib.bmc.hpc.cs.msu.ru> by user <edu-cmc-skmodel25-616-10> in cluster <MSUCluster> at Sun Nov 23 18:51:56 2025
Job was executed on host(s) <polus-c3-ib.bmc.hpc.cs.msu.ru>, in queue <normal>, as user <edu-cmc-skmodel25-616-10> in cluster <MSUCluster> at Sun Nov 23 18:52:52 2025
</home_edu/edu-cmc-skmodel25-616/edu-cmc-skmodel25-616-10> was used as the home directory.
</home_edu/edu-cmc-skmodel25-616/edu-cmc-skmodel25-616-10> was used as the working directory.
Started at Sun Nov 23 18:52:52 2025
Terminated at Sun Nov 23 18:52:53 2025
Results reported at Sun Nov 23 18:52:53 2025

Your job looked like:

------------------------------------------------------------
# LSBATCH: User input
#BSUB -J sol1_p1_10x10_part2
#BSUB -n 1 -q normal
#BSUB -W 00:10
#BSUB -o ./log/part2-10x10-p1.out
#BSUB -e ./log/part2-10x10-p1.err
#BSUB -R "span[hosts=1]"
OMP_NUM_THREADS=1 ./sol1 10 10

------------------------------------------------------------

Successfully completed.

Resource usage summary:

    CPU time :                                   0.04 sec.
    Max Memory :                                 1 MB
    Average Memory :                             1.00 MB
    Total Requested Memory :                     -
    Delta Memory :                               -
    Max Swap :                                   -
    Max Processes :                              1
    Max Threads :                                1
    Run time :                                   1 sec.
    Turnaround time :                            57 sec.

The output (if any) follows:

iter=     0  |r|/|b|=1.762633221  |r|=13.91566555
final |r|/|b|=5.0913483e-09
solve time: 0.000720962882 s
iterations: 29


PS:

Read file <./log/part2-10x10-p1.err> for stderr output of this job.

Sender: LSF System <lsfadmin@polus-c3-ib.bmc.hpc.cs.msu.ru>
Subject: Job 1346669: <sol1_p1_10x10_part2> in cluster <MSUCluster> Done

Job <sol1_p1_10x10_part2> was submitted from host <polus-ib.bmc.hpc.cs.msu.ru> by user <edu-cmc-skmodel25-616-10> in cluster <MSUCluster> at Sun Nov 23 18:51:58 2025
Job was executed on host(s) <polus-c3-ib.bmc.hpc.cs.msu.ru>, in queue <normal>, as user <edu-cmc-skmodel25-616-10> in cluster <MSUCluster> at Sun Nov 23 18:54:02 2025
</home_edu/edu-cmc-skmodel25-616/edu-cmc-skmodel25-616-10> was used as the home directory.
</home_edu/edu-cmc-skmodel25-616/edu-cmc-skmodel25-616-10> was used as the working directory.
Started at Sun Nov 23 18:54:02 2025
Terminated at Sun Nov 23 18:54:03 2025
Results reported at Sun Nov 23 18:54:03 2025

Your job looked like:

------------------------------------------------------------
# LSBATCH: User input
#BSUB -J sol1_p1_10x10_part2
#BSUB -n 1 -q normal
#BSUB -W 00:10
#BSUB -o ./log/part2-10x10-p1.out
#BSUB -e ./log/part2-10x10-p1.err
#BSUB -R "span[hosts=1]"
OMP_NUM_THREADS=1 ./sol1 10 10

------------------------------------------------------------

Successfully completed.

Resource usage summary:

    CPU time :                                   0.03 sec.
    Max Memory :                                 1 MB
    Average Memory :                             1.00 MB
    Total Requested Memory :                     -
    Delta Memory :                               -
    Max Swap :                                   -
    Max Processes :                              1
    Max Threads :                                1
    Run time :                                   1 sec.
    Turnaround time :                            125 sec.

The output (if any) follows:

iter=     0  |r|/|b|=1.762633221  |r|=13.91566555
final |r|/|b|=5.0913483e-09
solve time: 0.0002011060715 s
iterations: 29


PS:

Read file <./log/part2-10x10-p1.err> for stderr output of this job.

