Sender: LSF System <lsfadmin@polus-c3-ib.bmc.hpc.cs.msu.ru>
Subject: Job 1346343: <sol1_p2_800x1200_part1> in cluster <MSUCluster> Done

Job <sol1_p2_800x1200_part1> was submitted from host <polus-ib.bmc.hpc.cs.msu.ru> by user <edu-cmc-skmodel25-616-10> in cluster <MSUCluster> at Sun Nov 23 17:50:30 2025
Job was executed on host(s) <polus-c3-ib.bmc.hpc.cs.msu.ru>, in queue <normal>, as user <edu-cmc-skmodel25-616-10> in cluster <MSUCluster> at Sun Nov 23 17:50:40 2025
</home_edu/edu-cmc-skmodel25-616/edu-cmc-skmodel25-616-10> was used as the home directory.
</home_edu/edu-cmc-skmodel25-616/edu-cmc-skmodel25-616-10> was used as the working directory.
Started at Sun Nov 23 17:50:40 2025
Terminated at Sun Nov 23 17:51:24 2025
Results reported at Sun Nov 23 17:51:24 2025

Your job looked like:

------------------------------------------------------------
# LSBATCH: User input
#BSUB -J sol1_p2_800x1200_part1
#BSUB -n 1 -q normal
#BSUB -W 00:32
#BSUB -o ./log/part1-800x1200-p2.out
#BSUB -e ./log/part1-800x1200-p2.err
#BSUB -R "span[hosts=1]"
OMP_NUM_THREADS=2 ./sol1 800 1200

------------------------------------------------------------

Successfully completed.

Resource usage summary:

    CPU time :                                   82.53 sec.
    Max Memory :                                 72 MB
    Average Memory :                             63.50 MB
    Total Requested Memory :                     -
    Delta Memory :                               -
    Max Swap :                                   -
    Max Processes :                              4
    Max Threads :                                6
    Run time :                                   44 sec.
    Turnaround time :                            54 sec.

The output (if any) follows:

iter=     0  |r|/|b|=25.88824662  |r|=19556.91315
iter=    50  |r|/|b|=83.19037694  |r|=62845.00455
iter=   100  |r|/|b|=97.74530001  |r|=73840.31724
iter=   150  |r|/|b|=83.8569942  |r|=63348.59123
iter=   200  |r|/|b|=83.18188043  |r|=62838.58599
iter=   250  |r|/|b|=84.42669604  |r|=63778.9645
iter=   300  |r|/|b|=75.26464991  |r|=56857.62513
iter=   350  |r|/|b|=55.72823693  |r|=42099.1157
iter=   400  |r|/|b|=36.67875471  |r|=27708.45128
iter=   450  |r|/|b|=23.26152422  |r|=17572.59252
iter=   500  |r|/|b|=15.76771949  |r|=11911.50275
iter=   550  |r|/|b|=9.256124166  |r|=6992.4093
iter=   600  |r|/|b|=5.123408751  |r|=3870.407349
iter=   650  |r|/|b|=2.477134446  |r|=1871.316506
iter=   700  |r|/|b|=1.798209932  |r|=1358.432496
iter=   750  |r|/|b|=1.601569937  |r|=1209.883567
iter=   800  |r|/|b|=1.666521784  |r|=1258.95053
iter=   850  |r|/|b|=1.291256019  |r|=975.4612661
iter=   900  |r|/|b|=0.9021019984  |r|=681.480314
iter=   950  |r|/|b|=0.7378274463  |r|=557.3814055
iter=  1000  |r|/|b|=0.5458338038  |r|=412.3424986
iter=  1050  |r|/|b|=0.3928314113  |r|=296.7589852
iter=  1100  |r|/|b|=0.2949977779  |r|=222.8519377
iter=  1150  |r|/|b|=0.314364065  |r|=237.4819279
iter=  1200  |r|/|b|=0.2225131237  |r|=168.0944213
iter=  1250  |r|/|b|=0.08766049327  |r|=66.2218913
iter=  1300  |r|/|b|=0.07346558191  |r|=55.49854442
iter=  1350  |r|/|b|=0.05251120068  |r|=39.66885074
iter=  1400  |r|/|b|=0.0423816683  |r|=32.01663745
iter=  1450  |r|/|b|=0.03393870703  |r|=25.63852066
iter=  1500  |r|/|b|=0.02487625443  |r|=18.79241783
iter=  1550  |r|/|b|=0.02082296845  |r|=15.73041973
iter=  1600  |r|/|b|=0.01986216755  |r|=15.00459616
iter=  1650  |r|/|b|=0.01683257393  |r|=12.71593211
iter=  1700  |r|/|b|=0.009587500234  |r|=7.242742707
iter=  1750  |r|/|b|=0.00498298679  |r|=3.764327547
iter=  1800  |r|/|b|=0.002427770759  |r|=1.8340254
iter=  1850  |r|/|b|=0.001595261235  |r|=1.205117746
iter=  1900  |r|/|b|=0.0009952191128  |r|=0.7518243333
iter=  1950  |r|/|b|=0.0005578059492  |r|=0.4213866881
iter=  2000  |r|/|b|=0.0003797985657  |r|=0.2869135046
iter=  2050  |r|/|b|=0.0002098304204  |r|=0.1585134509
iter=  2100  |r|/|b|=0.0001435334929  |r|=0.108430366
iter=  2150  |r|/|b|=0.0001132565826  |r|=0.08555809833
iter=  2200  |r|/|b|=8.480861826e-05  |r|=0.06406748229
iter=  2250  |r|/|b|=5.57396837e-05  |r|=0.042107763
iter=  2300  |r|/|b|=3.187453788e-05  |r|=0.024079173
iter=  2350  |r|/|b|=2.217765954e-05  |r|=0.01675380213
iter=  2400  |r|/|b|=1.819905021e-05  |r|=0.01374821747
iter=  2450  |r|/|b|=1.20282991e-05  |r|=0.009086610008
iter=  2500  |r|/|b|=7.966370321e-06  |r|=0.00601808283
iter=  2550  |r|/|b|=4.355151763e-06  |r|=0.003290038373
iter=  2600  |r|/|b|=2.285930426e-06  |r|=0.001726874109
iter=  2650  |r|/|b|=1.333801575e-06  |r|=0.00100760171
iter=  2700  |r|/|b|=8.516983585e-07  |r|=0.0006434035905
iter=  2750  |r|/|b|=6.024446077e-07  |r|=0.0004551083372
iter=  2800  |r|/|b|=4.324654897e-07  |r|=0.0003266999943
iter=  2850  |r|/|b|=2.521005592e-07  |r|=0.0001904458349
iter=  2900  |r|/|b|=1.106379125e-07  |r|=8.357986065e-05
iter=  2950  |r|/|b|=5.057427472e-08  |r|=3.820562717e-05
iter=  3000  |r|/|b|=2.82000709e-08  |r|=2.130334841e-05
iter=  3050  |r|/|b|=1.434317327e-08  |r|=1.083534926e-05
final |r|/|b|=9.866502183e-09
solve time: 41.16874547 s
iterations: 3076


PS:

Read file <./log/part1-800x1200-p2.err> for stderr output of this job.

Sender: LSF System <lsfadmin@polus-c3-ib.bmc.hpc.cs.msu.ru>
Subject: Job 1346643: <sol1_p2_800x1200_part1> in cluster <MSUCluster> Done

Job <sol1_p2_800x1200_part1> was submitted from host <polus-ib.bmc.hpc.cs.msu.ru> by user <edu-cmc-skmodel25-616-10> in cluster <MSUCluster> at Sun Nov 23 18:51:56 2025
Job was executed on host(s) <polus-c3-ib.bmc.hpc.cs.msu.ru>, in queue <normal>, as user <edu-cmc-skmodel25-616-10> in cluster <MSUCluster> at Sun Nov 23 18:52:06 2025
</home_edu/edu-cmc-skmodel25-616/edu-cmc-skmodel25-616-10> was used as the home directory.
</home_edu/edu-cmc-skmodel25-616/edu-cmc-skmodel25-616-10> was used as the working directory.
Started at Sun Nov 23 18:52:06 2025
Terminated at Sun Nov 23 18:52:52 2025
Results reported at Sun Nov 23 18:52:52 2025

Your job looked like:

------------------------------------------------------------
# LSBATCH: User input
#BSUB -J sol1_p2_800x1200_part1
#BSUB -n 1 -q normal
#BSUB -W 00:32
#BSUB -o ./log/part1-800x1200-p2.out
#BSUB -e ./log/part1-800x1200-p2.err
#BSUB -R "span[hosts=1]"
OMP_NUM_THREADS=2 ./sol1 800 1200

------------------------------------------------------------

Successfully completed.

Resource usage summary:

    CPU time :                                   84.22 sec.
    Max Memory :                                 72 MB
    Average Memory :                             62.14 MB
    Total Requested Memory :                     -
    Delta Memory :                               -
    Max Swap :                                   -
    Max Processes :                              4
    Max Threads :                                6
    Run time :                                   45 sec.
    Turnaround time :                            56 sec.

The output (if any) follows:

iter=     0  |r|/|b|=25.88824662  |r|=19556.91315
iter=    50  |r|/|b|=83.19037694  |r|=62845.00455
iter=   100  |r|/|b|=97.74530001  |r|=73840.31724
iter=   150  |r|/|b|=83.8569942  |r|=63348.59123
iter=   200  |r|/|b|=83.18188043  |r|=62838.58599
iter=   250  |r|/|b|=84.42669604  |r|=63778.9645
iter=   300  |r|/|b|=75.26464991  |r|=56857.62513
iter=   350  |r|/|b|=55.72823693  |r|=42099.1157
iter=   400  |r|/|b|=36.67875471  |r|=27708.45128
iter=   450  |r|/|b|=23.26152422  |r|=17572.59252
iter=   500  |r|/|b|=15.76771949  |r|=11911.50275
iter=   550  |r|/|b|=9.256124166  |r|=6992.4093
iter=   600  |r|/|b|=5.123408751  |r|=3870.407349
iter=   650  |r|/|b|=2.477134446  |r|=1871.316506
iter=   700  |r|/|b|=1.798209932  |r|=1358.432496
iter=   750  |r|/|b|=1.601569937  |r|=1209.883567
iter=   800  |r|/|b|=1.666521784  |r|=1258.95053
iter=   850  |r|/|b|=1.291256019  |r|=975.4612661
iter=   900  |r|/|b|=0.9021019984  |r|=681.480314
iter=   950  |r|/|b|=0.7378274463  |r|=557.3814055
iter=  1000  |r|/|b|=0.5458338038  |r|=412.3424986
iter=  1050  |r|/|b|=0.3928314113  |r|=296.7589852
iter=  1100  |r|/|b|=0.2949977779  |r|=222.8519377
iter=  1150  |r|/|b|=0.314364065  |r|=237.4819279
iter=  1200  |r|/|b|=0.2225131237  |r|=168.0944213
iter=  1250  |r|/|b|=0.08766049327  |r|=66.2218913
iter=  1300  |r|/|b|=0.07346558191  |r|=55.49854442
iter=  1350  |r|/|b|=0.05251120068  |r|=39.66885074
iter=  1400  |r|/|b|=0.0423816683  |r|=32.01663745
iter=  1450  |r|/|b|=0.03393870703  |r|=25.63852066
iter=  1500  |r|/|b|=0.02487625443  |r|=18.79241783
iter=  1550  |r|/|b|=0.02082296845  |r|=15.73041973
iter=  1600  |r|/|b|=0.01986216755  |r|=15.00459616
iter=  1650  |r|/|b|=0.01683257393  |r|=12.71593211
iter=  1700  |r|/|b|=0.009587500234  |r|=7.242742707
iter=  1750  |r|/|b|=0.00498298679  |r|=3.764327547
iter=  1800  |r|/|b|=0.002427770759  |r|=1.8340254
iter=  1850  |r|/|b|=0.001595261235  |r|=1.205117746
iter=  1900  |r|/|b|=0.0009952191128  |r|=0.7518243333
iter=  1950  |r|/|b|=0.0005578059492  |r|=0.4213866881
iter=  2000  |r|/|b|=0.0003797985657  |r|=0.2869135046
iter=  2050  |r|/|b|=0.0002098304204  |r|=0.1585134509
iter=  2100  |r|/|b|=0.0001435334929  |r|=0.108430366
iter=  2150  |r|/|b|=0.0001132565826  |r|=0.08555809833
iter=  2200  |r|/|b|=8.480861826e-05  |r|=0.06406748229
iter=  2250  |r|/|b|=5.57396837e-05  |r|=0.042107763
iter=  2300  |r|/|b|=3.187453788e-05  |r|=0.024079173
iter=  2350  |r|/|b|=2.217765954e-05  |r|=0.01675380213
iter=  2400  |r|/|b|=1.819905021e-05  |r|=0.01374821747
iter=  2450  |r|/|b|=1.20282991e-05  |r|=0.009086610008
iter=  2500  |r|/|b|=7.966370321e-06  |r|=0.00601808283
iter=  2550  |r|/|b|=4.355151763e-06  |r|=0.003290038373
iter=  2600  |r|/|b|=2.285930426e-06  |r|=0.001726874109
iter=  2650  |r|/|b|=1.333801575e-06  |r|=0.00100760171
iter=  2700  |r|/|b|=8.516983585e-07  |r|=0.0006434035905
iter=  2750  |r|/|b|=6.024446077e-07  |r|=0.0004551083372
iter=  2800  |r|/|b|=4.324654897e-07  |r|=0.0003266999943
iter=  2850  |r|/|b|=2.521005592e-07  |r|=0.0001904458349
iter=  2900  |r|/|b|=1.106379125e-07  |r|=8.357986065e-05
iter=  2950  |r|/|b|=5.057427472e-08  |r|=3.820562717e-05
iter=  3000  |r|/|b|=2.82000709e-08  |r|=2.130334841e-05
iter=  3050  |r|/|b|=1.434317327e-08  |r|=1.083534926e-05
final |r|/|b|=9.866502183e-09
solve time: 42.26190387 s
iterations: 3076


PS:

Read file <./log/part1-800x1200-p2.err> for stderr output of this job.

Sender: LSF System <lsfadmin@polus-c3-ib.bmc.hpc.cs.msu.ru>
Subject: Job 1346663: <sol1_p2_800x1200_part1> in cluster <MSUCluster> Done

Job <sol1_p2_800x1200_part1> was submitted from host <polus-ib.bmc.hpc.cs.msu.ru> by user <edu-cmc-skmodel25-616-10> in cluster <MSUCluster> at Sun Nov 23 18:51:58 2025
Job was executed on host(s) <polus-c3-ib.bmc.hpc.cs.msu.ru>, in queue <normal>, as user <edu-cmc-skmodel25-616-10> in cluster <MSUCluster> at Sun Nov 23 18:53:10 2025
</home_edu/edu-cmc-skmodel25-616/edu-cmc-skmodel25-616-10> was used as the home directory.
</home_edu/edu-cmc-skmodel25-616/edu-cmc-skmodel25-616-10> was used as the working directory.
Started at Sun Nov 23 18:53:10 2025
Terminated at Sun Nov 23 18:53:59 2025
Results reported at Sun Nov 23 18:53:59 2025

Your job looked like:

------------------------------------------------------------
# LSBATCH: User input
#BSUB -J sol1_p2_800x1200_part1
#BSUB -n 1 -q normal
#BSUB -W 00:32
#BSUB -o ./log/part1-800x1200-p2.out
#BSUB -e ./log/part1-800x1200-p2.err
#BSUB -R "span[hosts=1]"
OMP_NUM_THREADS=2 ./sol1 800 1200

------------------------------------------------------------

Successfully completed.

Resource usage summary:

    CPU time :                                   88.85 sec.
    Max Memory :                                 72 MB
    Average Memory :                             62.29 MB
    Total Requested Memory :                     -
    Delta Memory :                               -
    Max Swap :                                   -
    Max Processes :                              4
    Max Threads :                                6
    Run time :                                   49 sec.
    Turnaround time :                            121 sec.

The output (if any) follows:

iter=     0  |r|/|b|=25.88824662  |r|=19556.91315
iter=    50  |r|/|b|=83.19037694  |r|=62845.00455
iter=   100  |r|/|b|=97.74530001  |r|=73840.31724
iter=   150  |r|/|b|=83.8569942  |r|=63348.59123
iter=   200  |r|/|b|=83.18188043  |r|=62838.58599
iter=   250  |r|/|b|=84.42669604  |r|=63778.9645
iter=   300  |r|/|b|=75.26464991  |r|=56857.62513
iter=   350  |r|/|b|=55.72823693  |r|=42099.1157
iter=   400  |r|/|b|=36.67875471  |r|=27708.45128
iter=   450  |r|/|b|=23.26152422  |r|=17572.59252
iter=   500  |r|/|b|=15.76771949  |r|=11911.50275
iter=   550  |r|/|b|=9.256124166  |r|=6992.4093
iter=   600  |r|/|b|=5.123408751  |r|=3870.407349
iter=   650  |r|/|b|=2.477134446  |r|=1871.316506
iter=   700  |r|/|b|=1.798209932  |r|=1358.432496
iter=   750  |r|/|b|=1.601569937  |r|=1209.883567
iter=   800  |r|/|b|=1.666521784  |r|=1258.95053
iter=   850  |r|/|b|=1.291256019  |r|=975.4612661
iter=   900  |r|/|b|=0.9021019984  |r|=681.480314
iter=   950  |r|/|b|=0.7378274463  |r|=557.3814055
iter=  1000  |r|/|b|=0.5458338038  |r|=412.3424986
iter=  1050  |r|/|b|=0.3928314113  |r|=296.7589852
iter=  1100  |r|/|b|=0.2949977779  |r|=222.8519377
iter=  1150  |r|/|b|=0.314364065  |r|=237.4819279
iter=  1200  |r|/|b|=0.2225131237  |r|=168.0944213
iter=  1250  |r|/|b|=0.08766049327  |r|=66.2218913
iter=  1300  |r|/|b|=0.07346558191  |r|=55.49854442
iter=  1350  |r|/|b|=0.05251120068  |r|=39.66885074
iter=  1400  |r|/|b|=0.0423816683  |r|=32.01663745
iter=  1450  |r|/|b|=0.03393870703  |r|=25.63852066
iter=  1500  |r|/|b|=0.02487625443  |r|=18.79241783
iter=  1550  |r|/|b|=0.02082296845  |r|=15.73041973
iter=  1600  |r|/|b|=0.01986216755  |r|=15.00459616
iter=  1650  |r|/|b|=0.01683257393  |r|=12.71593211
iter=  1700  |r|/|b|=0.009587500234  |r|=7.242742707
iter=  1750  |r|/|b|=0.00498298679  |r|=3.764327547
iter=  1800  |r|/|b|=0.002427770759  |r|=1.8340254
iter=  1850  |r|/|b|=0.001595261235  |r|=1.205117746
iter=  1900  |r|/|b|=0.0009952191128  |r|=0.7518243333
iter=  1950  |r|/|b|=0.0005578059492  |r|=0.4213866881
iter=  2000  |r|/|b|=0.0003797985657  |r|=0.2869135046
iter=  2050  |r|/|b|=0.0002098304204  |r|=0.1585134509
iter=  2100  |r|/|b|=0.0001435334929  |r|=0.108430366
iter=  2150  |r|/|b|=0.0001132565826  |r|=0.08555809833
iter=  2200  |r|/|b|=8.480861826e-05  |r|=0.06406748229
iter=  2250  |r|/|b|=5.57396837e-05  |r|=0.042107763
iter=  2300  |r|/|b|=3.187453788e-05  |r|=0.024079173
iter=  2350  |r|/|b|=2.217765954e-05  |r|=0.01675380213
iter=  2400  |r|/|b|=1.819905021e-05  |r|=0.01374821747
iter=  2450  |r|/|b|=1.20282991e-05  |r|=0.009086610008
iter=  2500  |r|/|b|=7.966370321e-06  |r|=0.00601808283
iter=  2550  |r|/|b|=4.355151763e-06  |r|=0.003290038373
iter=  2600  |r|/|b|=2.285930426e-06  |r|=0.001726874109
iter=  2650  |r|/|b|=1.333801575e-06  |r|=0.00100760171
iter=  2700  |r|/|b|=8.516983585e-07  |r|=0.0006434035905
iter=  2750  |r|/|b|=6.024446077e-07  |r|=0.0004551083372
iter=  2800  |r|/|b|=4.324654897e-07  |r|=0.0003266999943
iter=  2850  |r|/|b|=2.521005592e-07  |r|=0.0001904458349
iter=  2900  |r|/|b|=1.106379125e-07  |r|=8.357986065e-05
iter=  2950  |r|/|b|=5.057427472e-08  |r|=3.820562717e-05
iter=  3000  |r|/|b|=2.82000709e-08  |r|=2.130334841e-05
iter=  3050  |r|/|b|=1.434317327e-08  |r|=1.083534926e-05
final |r|/|b|=9.866502183e-09
solve time: 44.75505871 s
iterations: 3076


PS:

Read file <./log/part1-800x1200-p2.err> for stderr output of this job.

