Sender: LSF System <lsfadmin@polus-c3-ib.bmc.hpc.cs.msu.ru>
Subject: Job 1346346: <sol1_p16_800x1200_part1> in cluster <MSUCluster> Done

Job <sol1_p16_800x1200_part1> was submitted from host <polus-ib.bmc.hpc.cs.msu.ru> by user <edu-cmc-skmodel25-616-10> in cluster <MSUCluster> at Sun Nov 23 17:50:30 2025
Job was executed on host(s) <polus-c3-ib.bmc.hpc.cs.msu.ru>, in queue <normal>, as user <edu-cmc-skmodel25-616-10> in cluster <MSUCluster> at Sun Nov 23 17:51:03 2025
</home_edu/edu-cmc-skmodel25-616/edu-cmc-skmodel25-616-10> was used as the home directory.
</home_edu/edu-cmc-skmodel25-616/edu-cmc-skmodel25-616-10> was used as the working directory.
Started at Sun Nov 23 17:51:03 2025
Terminated at Sun Nov 23 17:51:28 2025
Results reported at Sun Nov 23 17:51:28 2025

Your job looked like:

------------------------------------------------------------
# LSBATCH: User input
#BSUB -J sol1_p16_800x1200_part1
#BSUB -n 1 -q normal
#BSUB -W 00:32
#BSUB -o ./log/part1-800x1200-p16.out
#BSUB -e ./log/part1-800x1200-p16.err
#BSUB -R "span[hosts=1]"
OMP_NUM_THREADS=16 ./sol1 800 1200

------------------------------------------------------------

Successfully completed.

Resource usage summary:

    CPU time :                                   275.09 sec.
    Max Memory :                                 73 MB
    Average Memory :                             58.60 MB
    Total Requested Memory :                     -
    Delta Memory :                               -
    Max Swap :                                   -
    Max Processes :                              4
    Max Threads :                                20
    Run time :                                   24 sec.
    Turnaround time :                            58 sec.

The output (if any) follows:

iter=     0  |r|/|b|=25.88824662  |r|=19556.91315
iter=    50  |r|/|b|=83.19037695  |r|=62845.00456
iter=   100  |r|/|b|=97.74530003  |r|=73840.31725
iter=   150  |r|/|b|=83.85699423  |r|=63348.59124
iter=   200  |r|/|b|=83.18188045  |r|=62838.586
iter=   250  |r|/|b|=84.42669607  |r|=63778.96452
iter=   300  |r|/|b|=75.26464993  |r|=56857.62514
iter=   350  |r|/|b|=55.72823695  |r|=42099.11571
iter=   400  |r|/|b|=36.67875472  |r|=27708.45129
iter=   450  |r|/|b|=23.26152422  |r|=17572.59252
iter=   500  |r|/|b|=15.7677195  |r|=11911.50275
iter=   550  |r|/|b|=9.256124169  |r|=6992.409302
iter=   600  |r|/|b|=5.123408752  |r|=3870.40735
iter=   650  |r|/|b|=2.477134447  |r|=1871.316507
iter=   700  |r|/|b|=1.798209933  |r|=1358.432496
iter=   750  |r|/|b|=1.601569937  |r|=1209.883567
iter=   800  |r|/|b|=1.666521785  |r|=1258.95053
iter=   850  |r|/|b|=1.29125602  |r|=975.4612663
iter=   900  |r|/|b|=0.9021019986  |r|=681.4803142
iter=   950  |r|/|b|=0.7378274465  |r|=557.3814056
iter=  1000  |r|/|b|=0.545833804  |r|=412.3424987
iter=  1050  |r|/|b|=0.3928314114  |r|=296.7589852
iter=  1100  |r|/|b|=0.294997778  |r|=222.8519378
iter=  1150  |r|/|b|=0.3143640651  |r|=237.4819279
iter=  1200  |r|/|b|=0.2225131237  |r|=168.0944214
iter=  1250  |r|/|b|=0.08766049328  |r|=66.22189131
iter=  1300  |r|/|b|=0.07346558191  |r|=55.49854442
iter=  1350  |r|/|b|=0.05251120067  |r|=39.66885074
iter=  1400  |r|/|b|=0.0423816683  |r|=32.01663744
iter=  1450  |r|/|b|=0.03393870701  |r|=25.63852065
iter=  1500  |r|/|b|=0.02487625441  |r|=18.79241782
iter=  1550  |r|/|b|=0.02082296843  |r|=15.73041972
iter=  1600  |r|/|b|=0.01986216754  |r|=15.00459615
iter=  1650  |r|/|b|=0.01683257393  |r|=12.71593211
iter=  1700  |r|/|b|=0.009587500234  |r|=7.242742707
iter=  1750  |r|/|b|=0.00498298679  |r|=3.764327546
iter=  1800  |r|/|b|=0.002427770758  |r|=1.8340254
iter=  1850  |r|/|b|=0.001595261235  |r|=1.205117746
iter=  1900  |r|/|b|=0.0009952191129  |r|=0.7518243333
iter=  1950  |r|/|b|=0.0005578059493  |r|=0.4213866881
iter=  2000  |r|/|b|=0.0003797985658  |r|=0.2869135046
iter=  2050  |r|/|b|=0.0002098304205  |r|=0.1585134509
iter=  2100  |r|/|b|=0.000143533493  |r|=0.108430366
iter=  2150  |r|/|b|=0.0001132565827  |r|=0.08555809842
iter=  2200  |r|/|b|=8.480861841e-05  |r|=0.0640674824
iter=  2250  |r|/|b|=5.573968388e-05  |r|=0.04210776313
iter=  2300  |r|/|b|=3.187453812e-05  |r|=0.02407917318
iter=  2350  |r|/|b|=2.217765978e-05  |r|=0.01675380232
iter=  2400  |r|/|b|=1.819905038e-05  |r|=0.0137482176
iter=  2450  |r|/|b|=1.202829924e-05  |r|=0.009086610115
iter=  2500  |r|/|b|=7.966370422e-06  |r|=0.006018082907
iter=  2550  |r|/|b|=4.355151856e-06  |r|=0.003290038443
iter=  2600  |r|/|b|=2.285930537e-06  |r|=0.001726874193
iter=  2650  |r|/|b|=1.333801711e-06  |r|=0.001007601813
iter=  2700  |r|/|b|=8.5169852e-07  |r|=0.0006434037125
iter=  2750  |r|/|b|=6.024447359e-07  |r|=0.000455108434
iter=  2800  |r|/|b|=4.324654396e-07  |r|=0.0003266999564
iter=  2850  |r|/|b|=2.521003263e-07  |r|=0.0001904456589
iter=  2900  |r|/|b|=1.106375377e-07  |r|=8.357957753e-05
iter=  2950  |r|/|b|=5.057340507e-08  |r|=3.82049702e-05
iter=  3000  |r|/|b|=2.819785536e-08  |r|=2.130167471e-05
iter=  3050  |r|/|b|=1.433861277e-08  |r|=1.08319041e-05
final |r|/|b|=9.860957865e-09
solve time: 20.0586453 s
iterations: 3076


PS:

Read file <./log/part1-800x1200-p16.err> for stderr output of this job.

Sender: LSF System <lsfadmin@polus-c3-ib.bmc.hpc.cs.msu.ru>
Subject: Job 1346646: <sol1_p16_800x1200_part1> in cluster <MSUCluster> Done

Job <sol1_p16_800x1200_part1> was submitted from host <polus-ib.bmc.hpc.cs.msu.ru> by user <edu-cmc-skmodel25-616-10> in cluster <MSUCluster> at Sun Nov 23 18:51:56 2025
Job was executed on host(s) <polus-c3-ib.bmc.hpc.cs.msu.ru>, in queue <normal>, as user <edu-cmc-skmodel25-616-10> in cluster <MSUCluster> at Sun Nov 23 18:52:28 2025
</home_edu/edu-cmc-skmodel25-616/edu-cmc-skmodel25-616-10> was used as the home directory.
</home_edu/edu-cmc-skmodel25-616/edu-cmc-skmodel25-616-10> was used as the working directory.
Started at Sun Nov 23 18:52:28 2025
Terminated at Sun Nov 23 18:52:46 2025
Results reported at Sun Nov 23 18:52:46 2025

Your job looked like:

------------------------------------------------------------
# LSBATCH: User input
#BSUB -J sol1_p16_800x1200_part1
#BSUB -n 1 -q normal
#BSUB -W 00:32
#BSUB -o ./log/part1-800x1200-p16.out
#BSUB -e ./log/part1-800x1200-p16.err
#BSUB -R "span[hosts=1]"
OMP_NUM_THREADS=16 ./sol1 800 1200

------------------------------------------------------------

Successfully completed.

Resource usage summary:

    CPU time :                                   201.94 sec.
    Max Memory :                                 73 MB
    Average Memory :                             55.00 MB
    Total Requested Memory :                     -
    Delta Memory :                               -
    Max Swap :                                   -
    Max Processes :                              4
    Max Threads :                                20
    Run time :                                   17 sec.
    Turnaround time :                            50 sec.

The output (if any) follows:

iter=     0  |r|/|b|=25.88824662  |r|=19556.91315
iter=    50  |r|/|b|=83.19037695  |r|=62845.00456
iter=   100  |r|/|b|=97.74530003  |r|=73840.31725
iter=   150  |r|/|b|=83.85699423  |r|=63348.59124
iter=   200  |r|/|b|=83.18188045  |r|=62838.586
iter=   250  |r|/|b|=84.42669607  |r|=63778.96452
iter=   300  |r|/|b|=75.26464993  |r|=56857.62514
iter=   350  |r|/|b|=55.72823695  |r|=42099.11571
iter=   400  |r|/|b|=36.67875472  |r|=27708.45129
iter=   450  |r|/|b|=23.26152422  |r|=17572.59252
iter=   500  |r|/|b|=15.7677195  |r|=11911.50275
iter=   550  |r|/|b|=9.256124169  |r|=6992.409302
iter=   600  |r|/|b|=5.123408752  |r|=3870.40735
iter=   650  |r|/|b|=2.477134447  |r|=1871.316507
iter=   700  |r|/|b|=1.798209933  |r|=1358.432496
iter=   750  |r|/|b|=1.601569937  |r|=1209.883567
iter=   800  |r|/|b|=1.666521785  |r|=1258.95053
iter=   850  |r|/|b|=1.29125602  |r|=975.4612663
iter=   900  |r|/|b|=0.9021019986  |r|=681.4803142
iter=   950  |r|/|b|=0.7378274465  |r|=557.3814056
iter=  1000  |r|/|b|=0.545833804  |r|=412.3424987
iter=  1050  |r|/|b|=0.3928314114  |r|=296.7589852
iter=  1100  |r|/|b|=0.294997778  |r|=222.8519378
iter=  1150  |r|/|b|=0.3143640651  |r|=237.4819279
iter=  1200  |r|/|b|=0.2225131237  |r|=168.0944214
iter=  1250  |r|/|b|=0.08766049328  |r|=66.22189131
iter=  1300  |r|/|b|=0.07346558191  |r|=55.49854442
iter=  1350  |r|/|b|=0.05251120067  |r|=39.66885074
iter=  1400  |r|/|b|=0.0423816683  |r|=32.01663744
iter=  1450  |r|/|b|=0.03393870701  |r|=25.63852065
iter=  1500  |r|/|b|=0.02487625441  |r|=18.79241782
iter=  1550  |r|/|b|=0.02082296843  |r|=15.73041972
iter=  1600  |r|/|b|=0.01986216754  |r|=15.00459615
iter=  1650  |r|/|b|=0.01683257393  |r|=12.71593211
iter=  1700  |r|/|b|=0.009587500234  |r|=7.242742707
iter=  1750  |r|/|b|=0.00498298679  |r|=3.764327546
iter=  1800  |r|/|b|=0.002427770758  |r|=1.8340254
iter=  1850  |r|/|b|=0.001595261235  |r|=1.205117746
iter=  1900  |r|/|b|=0.0009952191129  |r|=0.7518243334
iter=  1950  |r|/|b|=0.0005578059493  |r|=0.4213866881
iter=  2000  |r|/|b|=0.0003797985658  |r|=0.2869135046
iter=  2050  |r|/|b|=0.0002098304205  |r|=0.1585134509
iter=  2100  |r|/|b|=0.000143533493  |r|=0.108430366
iter=  2150  |r|/|b|=0.0001132565827  |r|=0.08555809842
iter=  2200  |r|/|b|=8.480861841e-05  |r|=0.0640674824
iter=  2250  |r|/|b|=5.573968388e-05  |r|=0.04210776313
iter=  2300  |r|/|b|=3.187453812e-05  |r|=0.02407917318
iter=  2350  |r|/|b|=2.217765978e-05  |r|=0.01675380232
iter=  2400  |r|/|b|=1.819905038e-05  |r|=0.0137482176
iter=  2450  |r|/|b|=1.202829924e-05  |r|=0.009086610115
iter=  2500  |r|/|b|=7.966370422e-06  |r|=0.006018082907
iter=  2550  |r|/|b|=4.355151856e-06  |r|=0.003290038443
iter=  2600  |r|/|b|=2.285930537e-06  |r|=0.001726874193
iter=  2650  |r|/|b|=1.333801711e-06  |r|=0.001007601813
iter=  2700  |r|/|b|=8.516985199e-07  |r|=0.0006434037125
iter=  2750  |r|/|b|=6.024447359e-07  |r|=0.000455108434
iter=  2800  |r|/|b|=4.324654395e-07  |r|=0.0003266999564
iter=  2850  |r|/|b|=2.521003262e-07  |r|=0.0001904456589
iter=  2900  |r|/|b|=1.106375376e-07  |r|=8.357957745e-05
iter=  2950  |r|/|b|=5.057340493e-08  |r|=3.82049701e-05
iter=  3000  |r|/|b|=2.819785517e-08  |r|=2.130167457e-05
iter=  3050  |r|/|b|=1.433861246e-08  |r|=1.083190387e-05
final |r|/|b|=9.860957524e-09
solve time: 14.63141417 s
iterations: 3076


PS:

Read file <./log/part1-800x1200-p16.err> for stderr output of this job.

Sender: LSF System <lsfadmin@polus-c3-ib.bmc.hpc.cs.msu.ru>
Subject: Job 1346666: <sol1_p16_800x1200_part1> in cluster <MSUCluster> Done

Job <sol1_p16_800x1200_part1> was submitted from host <polus-ib.bmc.hpc.cs.msu.ru> by user <edu-cmc-skmodel25-616-10> in cluster <MSUCluster> at Sun Nov 23 18:51:58 2025
Job was executed on host(s) <polus-c3-ib.bmc.hpc.cs.msu.ru>, in queue <normal>, as user <edu-cmc-skmodel25-616-10> in cluster <MSUCluster> at Sun Nov 23 18:53:40 2025
</home_edu/edu-cmc-skmodel25-616/edu-cmc-skmodel25-616-10> was used as the home directory.
</home_edu/edu-cmc-skmodel25-616/edu-cmc-skmodel25-616-10> was used as the working directory.
Started at Sun Nov 23 18:53:40 2025
Terminated at Sun Nov 23 18:54:02 2025
Results reported at Sun Nov 23 18:54:02 2025

Your job looked like:

------------------------------------------------------------
# LSBATCH: User input
#BSUB -J sol1_p16_800x1200_part1
#BSUB -n 1 -q normal
#BSUB -W 00:32
#BSUB -o ./log/part1-800x1200-p16.out
#BSUB -e ./log/part1-800x1200-p16.err
#BSUB -R "span[hosts=1]"
OMP_NUM_THREADS=16 ./sol1 800 1200

------------------------------------------------------------

Successfully completed.

Resource usage summary:

    CPU time :                                   241.24 sec.
    Max Memory :                                 73 MB
    Average Memory :                             58.60 MB
    Total Requested Memory :                     -
    Delta Memory :                               -
    Max Swap :                                   -
    Max Processes :                              4
    Max Threads :                                20
    Run time :                                   21 sec.
    Turnaround time :                            124 sec.

The output (if any) follows:

iter=     0  |r|/|b|=25.88824662  |r|=19556.91315
iter=    50  |r|/|b|=83.19037695  |r|=62845.00456
iter=   100  |r|/|b|=97.74530003  |r|=73840.31725
iter=   150  |r|/|b|=83.85699423  |r|=63348.59124
iter=   200  |r|/|b|=83.18188045  |r|=62838.586
iter=   250  |r|/|b|=84.42669607  |r|=63778.96452
iter=   300  |r|/|b|=75.26464993  |r|=56857.62514
iter=   350  |r|/|b|=55.72823695  |r|=42099.11571
iter=   400  |r|/|b|=36.67875472  |r|=27708.45129
iter=   450  |r|/|b|=23.26152422  |r|=17572.59252
iter=   500  |r|/|b|=15.7677195  |r|=11911.50275
iter=   550  |r|/|b|=9.256124169  |r|=6992.409302
iter=   600  |r|/|b|=5.123408752  |r|=3870.40735
iter=   650  |r|/|b|=2.477134447  |r|=1871.316507
iter=   700  |r|/|b|=1.798209933  |r|=1358.432496
iter=   750  |r|/|b|=1.601569937  |r|=1209.883567
iter=   800  |r|/|b|=1.666521785  |r|=1258.95053
iter=   850  |r|/|b|=1.29125602  |r|=975.4612663
iter=   900  |r|/|b|=0.9021019986  |r|=681.4803142
iter=   950  |r|/|b|=0.7378274465  |r|=557.3814056
iter=  1000  |r|/|b|=0.545833804  |r|=412.3424987
iter=  1050  |r|/|b|=0.3928314114  |r|=296.7589852
iter=  1100  |r|/|b|=0.294997778  |r|=222.8519378
iter=  1150  |r|/|b|=0.3143640651  |r|=237.4819279
iter=  1200  |r|/|b|=0.2225131237  |r|=168.0944214
iter=  1250  |r|/|b|=0.08766049328  |r|=66.22189131
iter=  1300  |r|/|b|=0.07346558191  |r|=55.49854442
iter=  1350  |r|/|b|=0.05251120067  |r|=39.66885074
iter=  1400  |r|/|b|=0.0423816683  |r|=32.01663744
iter=  1450  |r|/|b|=0.03393870701  |r|=25.63852065
iter=  1500  |r|/|b|=0.02487625441  |r|=18.79241782
iter=  1550  |r|/|b|=0.02082296843  |r|=15.73041972
iter=  1600  |r|/|b|=0.01986216754  |r|=15.00459615
iter=  1650  |r|/|b|=0.01683257393  |r|=12.71593211
iter=  1700  |r|/|b|=0.009587500234  |r|=7.242742707
iter=  1750  |r|/|b|=0.00498298679  |r|=3.764327546
iter=  1800  |r|/|b|=0.002427770758  |r|=1.8340254
iter=  1850  |r|/|b|=0.001595261235  |r|=1.205117746
iter=  1900  |r|/|b|=0.0009952191129  |r|=0.7518243334
iter=  1950  |r|/|b|=0.0005578059493  |r|=0.4213866881
iter=  2000  |r|/|b|=0.0003797985658  |r|=0.2869135046
iter=  2050  |r|/|b|=0.0002098304205  |r|=0.1585134509
iter=  2100  |r|/|b|=0.000143533493  |r|=0.108430366
iter=  2150  |r|/|b|=0.0001132565827  |r|=0.08555809842
iter=  2200  |r|/|b|=8.480861841e-05  |r|=0.0640674824
iter=  2250  |r|/|b|=5.573968388e-05  |r|=0.04210776313
iter=  2300  |r|/|b|=3.187453812e-05  |r|=0.02407917318
iter=  2350  |r|/|b|=2.217765978e-05  |r|=0.01675380232
iter=  2400  |r|/|b|=1.819905038e-05  |r|=0.0137482176
iter=  2450  |r|/|b|=1.202829924e-05  |r|=0.009086610114
iter=  2500  |r|/|b|=7.966370422e-06  |r|=0.006018082907
iter=  2550  |r|/|b|=4.355151856e-06  |r|=0.003290038443
iter=  2600  |r|/|b|=2.285930537e-06  |r|=0.001726874193
iter=  2650  |r|/|b|=1.333801711e-06  |r|=0.001007601812
iter=  2700  |r|/|b|=8.516985197e-07  |r|=0.0006434037123
iter=  2750  |r|/|b|=6.024447357e-07  |r|=0.0004551084338
iter=  2800  |r|/|b|=4.324654394e-07  |r|=0.0003266999563
iter=  2850  |r|/|b|=2.52100326e-07  |r|=0.0001904456588
iter=  2900  |r|/|b|=1.106375374e-07  |r|=8.357957734e-05
iter=  2950  |r|/|b|=5.057340475e-08  |r|=3.820496996e-05
iter=  3000  |r|/|b|=2.819785485e-08  |r|=2.130167433e-05
iter=  3050  |r|/|b|=1.433861189e-08  |r|=1.083190343e-05
final |r|/|b|=9.860956842e-09
solve time: 18.10010641 s
iterations: 3076


PS:

Read file <./log/part1-800x1200-p16.err> for stderr output of this job.

